#
# There is insufficient memory for the Java Runtime Environment to continue.
# Native memory allocation (mmap) failed to map 266338304 bytes for G1 virtual space
# Possible reasons:
#   The system is out of physical RAM or swap space
#   The process is running with CompressedOops enabled, and the Java Heap may be blocking the growth of the native heap
# Possible solutions:
#   Reduce memory load on the system
#   Increase physical memory or swap space
#   Check if swap backing store is full
#   Decrease Java heap size (-Xmx/-Xms)
#   Decrease number of Java threads
#   Decrease Java thread stack sizes (-Xss)
#   Set larger code cache with -XX:ReservedCodeCacheSize=
#   JVM is running with Zero Based Compressed Oops mode in which the Java heap is
#     placed in the first 32GB address space. The Java Heap base address is the
#     maximum limit for the native heap growth. Please use -XX:HeapBaseMinAddress
#     to set the Java Heap base and to place the Java Heap above 32GB virtual address.
# This output file may be truncated or incomplete.
#
#  Out of Memory Error (os_windows.cpp:3548), pid=74232, tid=83940
#
# JRE version:  (17.0.5+8) (build )
# Java VM: OpenJDK 64-Bit Server VM (17.0.5+8, mixed mode, sharing, tiered, compressed oops, compressed class ptrs, g1 gc, windows-amd64)
# No core dump will be written. Minidumps are not enabled by default on client versions of Windows
#

---------------  S U M M A R Y ------------

Command Line: -Dfile.encoding=UTF-8 --module-path=D:\enormous-underwear-686-\OnlineHardwareAndSoftwareSupportSystem\bin -XX:+ShowCodeDetailsInExceptionMessages -Djdk.module.main=OnlineHardwareAndSoftwareSupportSystem OnlineHardwareAndSoftwareSupportSystem/com.ui.UiMain

Host: Intel(R) Core(TM) i5-10300H CPU @ 2.50GHz, 8 cores, 15G,  Windows 11 , 64 bit Build 22621 (10.0.22621.1344)
Time: Wed Mar 29 22:29:05 2023 India Standard Time elapsed time: 0.017237 seconds (0d 0h 0m 0s)

---------------  T H R E A D  ---------------

Current thread (0x0000018a518d6010):  JavaThread "Unknown thread" [_thread_in_vm, id=83940, stack(0x0000005660d00000,0x0000005660e00000)]

Stack: [0x0000005660d00000,0x0000005660e00000]
Native frames: (J=compiled Java code, j=interpreted, Vv=VM code, C=native code)
V  [jvm.dll+0x676b3a]
V  [jvm.dll+0x831444]
V  [jvm.dll+0x832bee]
V  [jvm.dll+0x833253]
V  [jvm.dll+0x244ce5]
V  [jvm.dll+0x673a49]
V  [jvm.dll+0x66811a]
V  [jvm.dll+0x303ceb]
V  [jvm.dll+0x30b1e6]
V  [jvm.dll+0x35adbe]
V  [jvm.dll+0x35afef]
V  [jvm.dll+0x2dab88]
V  [jvm.dll+0x2dbaf4]
V  [jvm.dll+0x803121]
V  [jvm.dll+0x368bb1]
V  [jvm.dll+0x7e265c]
V  [jvm.dll+0x3eb17f]
V  [jvm.dll+0x3eccc1]
C  [jli.dll+0x5267]
C  [ucrtbase.dll+0x29363]
C  [KERNEL32.DLL+0x126bd]
C  [ntdll.dll+0x5a9f8]


---------------  P R O C E S S  ---------------

Threads class SMR info:
_java_thread_list=0x00007ffe320b2f18, length=0, elements={
}

Java Threads: ( => current thread )

Other Threads:
  0x0000018a51946ec0 GCTaskThread "GC Thread#0" [stack: 0x0000005660e00000,0x0000005660f00000] [id=14288]
  0x0000018a51959390 ConcurrentGCThread "G1 Main Marker" [stack: 0x0000005660f00000,0x0000005661000000] [id=83160]
  0x0000018a51959ca0 ConcurrentGCThread "G1 Conc#0" [stack: 0x0000005661000000,0x0000005661100000] [id=14844]

[error occurred during error reporting (printing all threads), id 0xc0000005, EXCEPTION_ACCESS_VIOLATION (0xc0000005) at pc=0x00007ffe3188b617]

VM state: not at safepoint (not fully initialized)

VM Mutex/Monitor currently owned by a thread:  ([mutex/lock_event])
[0x0000018a518d2080] Heap_lock - owner thread: 0x0000018a518d6010

Heap address: 0x0000000702800000, size: 4056 MB, Compressed Oops mode: Zero based, Oop shift amount: 3

CDS archive(s) mapped at: [0x0000000000000000-0x0000000000000000-0x0000000000000000), size 0, SharedBaseAddress: 0x0000000800000000, ArchiveRelocationMode: 0.
Narrow klass base: 0x0000000000000000, Narrow klass shift: 0, Narrow klass range: 0x0

GC Precious Log:
<Empty>

Heap:
 garbage-first heap   total 0K, used 0K [0x0000000702800000, 0x0000000800000000)
  region size 2048K, 0 young (0K), 0 survivors (0K)

[error occurred during error reporting (printing heap information), id 0xc0000005, EXCEPTION_ACCESS_VIOLATION (0xc0000005) at pc=0x00007ffe31c6fcb9]

GC Heap History (0 events):
No events

Dll operation events (1 events):
Event: 0.010 Loaded shared library C:\Users\asus\sts\plugins\org.eclipse.justj.openjdk.hotspot.jre.full.win32.x86_64_17.0.5.v20221102-0933\jre\bin\java.dll

Deoptimization events (0 events):
No events

Classes unloaded (0 events):
No events

Classes redefined (0 events):
No events

Internal exceptions (0 events):
No events

VM Operations (0 events):
No events

Events (0 events):
No events


Dynamic libraries:
0x00007ff710c50000 - 0x00007ff710c5e000 	C:\Users\asus\sts\plugins\org.eclipse.justj.openjdk.hotspot.jre.full.win32.x86_64_17.0.5.v20221102-0933\jre\bin\javaw.exe
0x00007ffed1fb0000 - 0x00007ffed21c4000 	C:\WINDOWS\SYSTEM32\ntdll.dll
0x00007ffed0780000 - 0x00007ffed0843000 	C:\WINDOWS\System32\KERNEL32.DLL
0x00007ffecfa20000 - 0x00007ffecfdbc000 	C:\WINDOWS\System32\KERNELBASE.dll
0x00007ffecf3f0000 - 0x00007ffecf501000 	C:\WINDOWS\System32\ucrtbase.dll
0x00007ffe5fd60000 - 0x00007ffe5fd77000 	C:\Users\asus\sts\plugins\org.eclipse.justj.openjdk.hotspot.jre.full.win32.x86_64_17.0.5.v20221102-0933\jre\bin\jli.dll
0x00007ffe597c0000 - 0x00007ffe597d9000 	C:\Users\asus\sts\plugins\org.eclipse.justj.openjdk.hotspot.jre.full.win32.x86_64_17.0.5.v20221102-0933\jre\bin\VCRUNTIME140.dll
0x00007ffed13d0000 - 0x00007ffed157d000 	C:\WINDOWS\System32\USER32.dll
0x00007ffecf7c0000 - 0x00007ffecf7e6000 	C:\WINDOWS\System32\win32u.dll
0x00007ffeb9ad0000 - 0x00007ffeb9d5e000 	C:\WINDOWS\WinSxS\amd64_microsoft.windows.common-controls_6595b64144ccf1df_6.0.22621.608_none_a9444ca7c10bb01d\COMCTL32.dll
0x00007ffed0670000 - 0x00007ffed0699000 	C:\WINDOWS\System32\GDI32.dll
0x00007ffecfdc0000 - 0x00007ffecfe67000 	C:\WINDOWS\System32\msvcrt.dll
0x00007ffecf5b0000 - 0x00007ffecf6c3000 	C:\WINDOWS\System32\gdi32full.dll
0x00007ffecf510000 - 0x00007ffecf5aa000 	C:\WINDOWS\System32\msvcp_win.dll
0x00007ffed1390000 - 0x00007ffed13c1000 	C:\WINDOWS\System32\IMM32.DLL
0x00007ffead270000 - 0x00007ffead27c000 	C:\Users\asus\sts\plugins\org.eclipse.justj.openjdk.hotspot.jre.full.win32.x86_64_17.0.5.v20221102-0933\jre\bin\vcruntime140_1.dll
0x00007ffe40ac0000 - 0x00007ffe40b51000 	C:\Users\asus\sts\plugins\org.eclipse.justj.openjdk.hotspot.jre.full.win32.x86_64_17.0.5.v20221102-0933\jre\bin\msvcp140.dll
0x00007ffe315a0000 - 0x00007ffe321e4000 	C:\Users\asus\sts\plugins\org.eclipse.justj.openjdk.hotspot.jre.full.win32.x86_64_17.0.5.v20221102-0933\jre\bin\server\jvm.dll
0x00007ffed0010000 - 0x00007ffed00be000 	C:\WINDOWS\System32\ADVAPI32.dll
0x00007ffed0fe0000 - 0x00007ffed1084000 	C:\WINDOWS\System32\sechost.dll
0x00007ffed00c0000 - 0x00007ffed01d5000 	C:\WINDOWS\System32\RPCRT4.dll
0x00007ffec91a0000 - 0x00007ffec91aa000 	C:\WINDOWS\SYSTEM32\VERSION.dll
0x00007ffec97f0000 - 0x00007ffec9824000 	C:\WINDOWS\SYSTEM32\WINMM.dll
0x00007ffeca080000 - 0x00007ffeca089000 	C:\WINDOWS\SYSTEM32\WSOCK32.dll
0x00007ffed01e0000 - 0x00007ffed0251000 	C:\WINDOWS\System32\WS2_32.dll
0x00007ffece530000 - 0x00007ffece548000 	C:\WINDOWS\SYSTEM32\kernel.appcore.dll
0x00007ffec8c60000 - 0x00007ffec8c6a000 	C:\Users\asus\sts\plugins\org.eclipse.justj.openjdk.hotspot.jre.full.win32.x86_64_17.0.5.v20221102-0933\jre\bin\jimage.dll
0x00007ffeccfb0000 - 0x00007ffecd1de000 	C:\WINDOWS\SYSTEM32\DBGHELP.DLL
0x00007ffed0270000 - 0x00007ffed05f9000 	C:\WINDOWS\System32\combase.dll
0x00007ffed06a0000 - 0x00007ffed0777000 	C:\WINDOWS\System32\OLEAUT32.dll
0x00007ffec83b0000 - 0x00007ffec83e2000 	C:\WINDOWS\SYSTEM32\dbgcore.DLL
0x00007ffecf6d0000 - 0x00007ffecf74b000 	C:\WINDOWS\System32\bcryptPrimitives.dll
0x00007ffe9c120000 - 0x00007ffe9c145000 	C:\Users\asus\sts\plugins\org.eclipse.justj.openjdk.hotspot.jre.full.win32.x86_64_17.0.5.v20221102-0933\jre\bin\java.dll

dbghelp: loaded successfully - version: 4.0.5 - missing functions: none
symbol engine: initialized successfully - sym options: 0x614 - pdb path: .;C:\Users\asus\sts\plugins\org.eclipse.justj.openjdk.hotspot.jre.full.win32.x86_64_17.0.5.v20221102-0933\jre\bin;C:\WINDOWS\SYSTEM32;C:\WINDOWS\WinSxS\amd64_microsoft.windows.common-controls_6595b64144ccf1df_6.0.22621.608_none_a9444ca7c10bb01d;C:\Users\asus\sts\plugins\org.eclipse.justj.openjdk.hotspot.jre.full.win32.x86_64_17.0.5.v20221102-0933\jre\bin\server

VM Arguments:
jvm_args: -Dfile.encoding=UTF-8 --module-path=D:\enormous-underwear-686-\OnlineHardwareAndSoftwareSupportSystem\bin -XX:+ShowCodeDetailsInExceptionMessages -Djdk.module.main=OnlineHardwareAndSoftwareSupportSystem 
java_command: OnlineHardwareAndSoftwareSupportSystem/com.ui.UiMain
java_class_path (initial): D:\enormous-underwear-686-\OnlineHardwareAndSoftwareSupportSystem\Library\mysql-connector-j-8.0.32.jar
Launcher Type: SUN_STANDARD

[Global flags]
     intx CICompilerCount                          = 4                                         {product} {ergonomic}
     uint ConcGCThreads                            = 2                                         {product} {ergonomic}
     uint G1ConcRefinementThreads                  = 8                                         {product} {ergonomic}
   size_t G1HeapRegionSize                         = 2097152                                   {product} {ergonomic}
    uintx GCDrainStackTargetSize                   = 64                                        {product} {ergonomic}
   size_t InitialHeapSize                          = 266338304                                 {product} {ergonomic}
   size_t MarkStackSize                            = 4194304                                   {product} {ergonomic}
   size_t MaxHeapSize                              = 4253024256                                {product} {ergonomic}
   size_t MinHeapDeltaBytes                        = 2097152                                   {product} {ergonomic}
   size_t MinHeapSize                              = 8388608                                   {product} {ergonomic}
    uintx NonNMethodCodeHeapSize                   = 5839372                                {pd product} {ergonomic}
    uintx NonProfiledCodeHeapSize                  = 122909434                              {pd product} {ergonomic}
    uintx ProfiledCodeHeapSize                     = 122909434                              {pd product} {ergonomic}
    uintx ReservedCodeCacheSize                    = 251658240                              {pd product} {ergonomic}
     bool SegmentedCodeCache                       = true                                      {product} {ergonomic}
     bool ShowCodeDetailsInExceptionMessages       = true                                   {manageable} {command line}
   size_t SoftMaxHeapSize                          = 4253024256                             {manageable} {ergonomic}
     bool UseCompressedClassPointers               = true                           {product lp64_product} {ergonomic}
     bool UseCompressedOops                        = true                           {product lp64_product} {ergonomic}
     bool UseG1GC                                  = true                                      {product} {ergonomic}
     bool UseLargePagesIndividualAllocation        = false                                  {pd product} {ergonomic}

Logging:
Log output configuration:
 #0: stdout all=warning uptime,level,tags
 #1: stderr all=off uptime,level,tags

Environment Variables:
JAVA_HOME=C:\Program Files\Java\jdk-19
PATH=C:/Users/asus/sts//plugins/org.eclipse.justj.openjdk.hotspot.jre.full.win32.x86_64_17.0.5.v20221102-0933/jre/bin/server;C:/Users/asus/sts//plugins/org.eclipse.justj.openjdk.hotspot.jre.full.win32.x86_64_17.0.5.v20221102-0933/jre/bin;C:\Python310\Scripts\;C:\Python310\;C:\Program Files\Common Files\Oracle\Java\javapath;C:\Program Files\Eclipse Adoptium\jdk-17.0.4.8-hotspot\bin;C:\Windows\system32;C:\Windows;C:\Windows\System32\Wbem;C:\Windows\System32\WindowsPowerShell\v1.0\;C:\Windows\System32\OpenSSH\;C:\Program Files (x86)\NVIDIA Corporation\PhysX\Common;C:\Program Files\NVIDIA Corporation\NVIDIA NvDLISR;C:\WINDOWS\system32;C:\WINDOWS;C:\WINDOWS\System32\Wbem;C:\WINDOWS\System32\WindowsPowerShell\v1.0\;C:\WINDOWS\System32\OpenSSH\;C:\Program Files\Git\cmd;C:\Program Files\nodejs\;C:\ProgramData\chocolatey\bin;C:\Program Files\Java\jdk-19_bin;C:\Program Files\Java\jdk-11.0.15.1\bin;C:\Users\asus\AppData\Local\Programs\Microsoft VS Code\bin;C:\Users\asus\AppData\Roaming\npm;C:\Users\asus\AppData\Local\Microsoft\WindowsApps;;C:\Users\asus\sts;
USERNAME=HOSHIYAR JYANI
OS=Windows_NT
PROCESSOR_IDENTIFIER=Intel64 Family 6 Model 165 Stepping 2, GenuineIntel
TMP=C:\Users\asus\AppData\Local\Temp
TEMP=C:\Users\asus\AppData\Local\Temp



---------------  S Y S T E M  ---------------

OS:
 Windows 11 , 64 bit Build 22621 (10.0.22621.1344)
OS uptime: 7 days 11:31 hours

CPU: total 8 (initial active 8) (4 cores per cpu, 2 threads per core) family 6 model 165 stepping 2 microcode 0xe0, cx8, cmov, fxsr, ht, mmx, 3dnowpref, sse, sse2, sse3, ssse3, sse4.1, sse4.2, popcnt, lzcnt, tsc, tscinvbit, avx, avx2, aes, erms, clmul, bmi1, bmi2, adx, fma, vzeroupper, clflush, clflushopt

Memory: 4k page, system-wide physical 16221M (1637M free)
TotalPageFile size 48759M (AvailPageFile size 173M)
current process WorkingSet (physical memory assigned to process): 11M, peak: 11M
current process commit charge ("private bytes"): 60M, peak: 314M

vm_info: OpenJDK 64-Bit Server VM (17.0.5+8) for windows-amd64 JRE (17.0.5+8), built on Oct 19 2022 04:48:13 by "temurin" with MS VC++ 16.7 (VS2019)

END.
